{
  "RSpec": {
    "coverage": {
      "/Users/seanhawkridge/Dropbox/Dev/online_marketplace_test/spec/checkout_spec.rb": [
        1,
        null,
        1,
        null,
        1,
        11,
        11,
        11,
        11,
        null,
        11,
        null,
        1,
        10,
        10,
        10,
        10,
        10,
        10,
        10,
        null,
        null,
        1,
        null,
        1,
        1,
        null,
        null,
        1,
        2,
        null,
        null,
        1,
        2,
        null,
        null,
        null,
        null,
        1,
        null,
        1,
        1,
        1,
        null,
        null,
        1,
        1,
        1,
        null,
        null,
        1,
        1,
        1,
        1,
        null,
        null,
        1,
        2,
        null,
        null,
        null,
        null,
        1,
        null,
        1,
        1,
        1,
        null,
        null,
        1,
        1,
        1,
        1,
        null,
        null,
        1,
        1,
        null,
        null,
        null,
        null,
        null
      ],
      "/Users/seanhawkridge/Dropbox/Dev/online_marketplace_test/lib/checkout.rb": [
        1,
        1,
        null,
        1,
        null,
        1,
        null,
        1,
        21,
        21,
        21,
        21,
        null,
        null,
        1,
        27,
        25,
        25,
        null,
        null,
        1,
        13,
        13,
        null,
        null,
        1,
        null,
        1,
        11,
        11,
        11,
        null,
        null,
        1,
        25,
        null,
        null,
        1,
        25,
        null,
        null,
        1,
        11,
        null,
        null,
        1,
        13,
        null,
        null,
        1,
        13,
        null,
        null,
        null
      ],
      "/Users/seanhawkridge/Dropbox/Dev/online_marketplace_test/lib/subtotal.rb": [
        null,
        1,
        null,
        1,
        null,
        1,
        33,
        null,
        null,
        1,
        22,
        null,
        null,
        1,
        9,
        null,
        null,
        null
      ],
      "/Users/seanhawkridge/Dropbox/Dev/online_marketplace_test/lib/price_formatter.rb": [
        null,
        1,
        null,
        1,
        14,
        null,
        null,
        1,
        null,
        1,
        14,
        null,
        null,
        1,
        14,
        null,
        null,
        null
      ],
      "/Users/seanhawkridge/Dropbox/Dev/online_marketplace_test/spec/features/user_flow_spec.rb": [
        1,
        1,
        1,
        1,
        1,
        1,
        1,
        null,
        1,
        null,
        10,
        10,
        10,
        10,
        10,
        1,
        8,
        6,
        5,
        null,
        1,
        9,
        null,
        null,
        1,
        null,
        1,
        1,
        1,
        null,
        null,
        1,
        2,
        null,
        null,
        null,
        null,
        1,
        null,
        1,
        1,
        1,
        1,
        null,
        null,
        null,
        null,
        1,
        null,
        1,
        1,
        1,
        1,
        1,
        null,
        null,
        1,
        1,
        1,
        1,
        1,
        null,
        null,
        1,
        1,
        1,
        1,
        1,
        1,
        1,
        null,
        null,
        1,
        null,
        1,
        1,
        1,
        1,
        1,
        null,
        null,
        1,
        1,
        1,
        1,
        1,
        null,
        null,
        1,
        1,
        1,
        1,
        1,
        1,
        null,
        null,
        null,
        null,
        null,
        null,
        null
      ],
      "/Users/seanhawkridge/Dropbox/Dev/online_marketplace_test/lib/item.rb": [
        null,
        1,
        null,
        1,
        null,
        1,
        19,
        19,
        19,
        null,
        null,
        null
      ],
      "/Users/seanhawkridge/Dropbox/Dev/online_marketplace_test/lib/promotional_rules.rb": [
        1,
        1,
        null,
        1,
        null,
        1,
        12,
        11,
        null,
        null,
        1,
        9,
        9,
        null,
        null,
        1,
        null,
        1,
        18,
        36,
        null,
        18,
        null,
        null,
        1,
        12,
        21,
        null,
        null,
        null,
        1,
        21,
        null,
        null,
        null
      ],
      "/Users/seanhawkridge/Dropbox/Dev/online_marketplace_test/lib/promotions/percentage_promotion.rb": [
        null,
        1,
        null,
        1,
        null,
        1,
        10,
        10,
        10,
        null,
        null,
        1,
        9,
        null,
        null,
        1,
        null,
        1,
        9,
        null,
        null,
        1,
        5,
        null,
        null,
        null
      ],
      "/Users/seanhawkridge/Dropbox/Dev/online_marketplace_test/lib/promotions/multiple_items_promotion.rb": [
        null,
        1,
        null,
        1,
        null,
        1,
        10,
        10,
        10,
        10,
        null,
        null,
        1,
        9,
        null,
        null,
        1,
        null,
        1,
        9,
        9,
        15,
        null,
        9,
        null,
        null,
        1,
        33,
        null,
        null,
        null
      ],
      "/Users/seanhawkridge/Dropbox/Dev/online_marketplace_test/spec/item_spec.rb": [
        1,
        null,
        1,
        null,
        4,
        null,
        1,
        null,
        1,
        1,
        null,
        null,
        1,
        1,
        null,
        null,
        1,
        1,
        null,
        null,
        null,
        null,
        null
      ],
      "/Users/seanhawkridge/Dropbox/Dev/online_marketplace_test/spec/multiple_items_promotion_spec.rb": [
        1,
        null,
        1,
        null,
        2,
        null,
        2,
        2,
        2,
        null,
        1,
        1,
        1,
        null,
        null,
        1,
        null,
        1,
        1,
        null,
        null,
        null,
        null,
        null
      ],
      "/Users/seanhawkridge/Dropbox/Dev/online_marketplace_test/spec/percentage_promotion_spec.rb": [
        1,
        null,
        1,
        null,
        2,
        null,
        1,
        null,
        1,
        1,
        null,
        null,
        null,
        null,
        null
      ],
      "/Users/seanhawkridge/Dropbox/Dev/online_marketplace_test/spec/price_formatter_spec.rb": [
        1,
        null,
        1,
        null,
        2,
        null,
        1,
        null,
        1,
        1,
        null,
        null,
        null,
        null,
        null
      ],
      "/Users/seanhawkridge/Dropbox/Dev/online_marketplace_test/spec/promotional_rules_spec.rb": [
        1,
        null,
        1,
        null,
        4,
        4,
        2,
        4,
        1,
        null,
        2,
        null,
        1,
        3,
        3,
        3,
        null,
        null,
        1,
        null,
        1,
        2,
        null,
        null,
        1,
        2,
        null,
        null,
        null,
        null,
        null,
        1,
        null,
        1,
        1,
        null,
        null,
        null,
        null,
        null
      ],
      "/Users/seanhawkridge/Dropbox/Dev/online_marketplace_test/spec/subtotal_spec.rb": [
        1,
        null,
        1,
        null,
        4,
        null,
        1,
        1,
        1,
        null,
        null,
        null,
        1,
        1,
        1,
        1,
        null,
        null,
        null,
        1,
        1,
        1,
        1,
        null,
        null,
        null,
        null
      ]
    },
    "timestamp": 1462267759
  }
}
