{
  "RSpec": {
    "coverage": {
      "/Users/seanhawkridge/Dropbox/Dev/online_marketplace_test/spec/checkout_spec.rb": [
        1,
        null,
        1,
        null,
        1,
        8,
        8,
        8,
        8,
        null,
        8,
        null,
        1,
        7,
        7,
        7,
        7,
        7,
        7,
        7,
        null,
        null,
        1,
        null,
        1,
        1,
        null,
        null,
        null,
        null,
        1,
        null,
        1,
        1,
        1,
        null,
        null,
        1,
        1,
        1,
        null,
        null,
        1,
        1,
        1,
        1,
        null,
        null,
        1,
        2,
        null,
        null,
        null,
        null,
        1,
        null,
        1,
        1,
        1,
        null,
        null,
        1,
        1,
        null,
        null,
        null,
        null,
        null
      ],
      "/Users/seanhawkridge/Dropbox/Dev/online_marketplace_test/lib/checkout.rb": [
        1,
        1,
        null,
        1,
        null,
        1,
        null,
        1,
        15,
        15,
        15,
        15,
        null,
        null,
        1,
        23,
        21,
        21,
        null,
        null,
        1,
        9,
        9,
        null,
        null,
        1,
        null,
        1,
        9,
        9,
        null,
        null,
        1,
        21,
        null,
        null,
        1,
        21,
        null,
        null,
        null
      ],
      "/Users/seanhawkridge/Dropbox/Dev/online_marketplace_test/lib/subtotal.rb": [
        null,
        1,
        null,
        1,
        null,
        1,
        26,
        null,
        null,
        1,
        18,
        null,
        null,
        1,
        8,
        null,
        null,
        null
      ],
      "/Users/seanhawkridge/Dropbox/Dev/online_marketplace_test/lib/price_formatter.rb": [
        null,
        1,
        null,
        1,
        10,
        null,
        null,
        1,
        null,
        1,
        10,
        null,
        null,
        1,
        10,
        null,
        null,
        null
      ],
      "/Users/seanhawkridge/Dropbox/Dev/online_marketplace_test/spec/features/user_flow_spec.rb": [
        1,
        1,
        1,
        1,
        1,
        1,
        1,
        null,
        1,
        null,
        9,
        9,
        9,
        1,
        7,
        5,
        4,
        null,
        1,
        8,
        null,
        null,
        1,
        null,
        1,
        1,
        1,
        null,
        null,
        1,
        2,
        null,
        null,
        null,
        null,
        1,
        null,
        1,
        1,
        1,
        1,
        null,
        null,
        null,
        null,
        1,
        null,
        1,
        1,
        1,
        1,
        1,
        null,
        null,
        1,
        1,
        1,
        1,
        1,
        null,
        null,
        1,
        1,
        1,
        1,
        1,
        null,
        null,
        1,
        1,
        1,
        1,
        1,
        null,
        null,
        1,
        1,
        1,
        1,
        1,
        1,
        null,
        null,
        null,
        null,
        null
      ],
      "/Users/seanhawkridge/Dropbox/Dev/online_marketplace_test/lib/item.rb": [
        null,
        1,
        null,
        1,
        null,
        1,
        16,
        16,
        16,
        null,
        null,
        null
      ],
      "/Users/seanhawkridge/Dropbox/Dev/online_marketplace_test/lib/promotional_rules.rb": [
        1,
        1,
        null,
        1,
        null,
        1,
        10,
        null,
        null,
        1,
        9,
        8,
        null,
        null,
        1,
        null,
        1,
        17,
        33,
        32,
        null,
        16,
        null,
        null,
        1,
        9,
        null,
        null,
        1,
        8,
        null,
        null,
        null
      ],
      "/Users/seanhawkridge/Dropbox/Dev/online_marketplace_test/lib/promotions/ten_percent_over_60.rb": [
        null,
        1,
        null,
        1,
        null,
        1,
        10,
        null,
        null,
        1,
        8,
        null,
        null,
        1,
        null,
        1,
        8,
        null,
        null,
        null
      ],
      "/Users/seanhawkridge/Dropbox/Dev/online_marketplace_test/lib/promotions/lavender_hearts_multiple_offer.rb": [
        null,
        1,
        null,
        1,
        null,
        1,
        10,
        null,
        null,
        1,
        8,
        null,
        null,
        1,
        null,
        1,
        8,
        8,
        12,
        null,
        8,
        null,
        null,
        1,
        28,
        null,
        null,
        null
      ],
      "/Users/seanhawkridge/Dropbox/Dev/online_marketplace_test/spec/item_spec.rb": [
        1,
        null,
        1,
        null,
        4,
        null,
        1,
        null,
        1,
        1,
        null,
        null,
        1,
        1,
        null,
        null,
        1,
        1,
        null,
        null,
        null,
        null,
        null
      ],
      "/Users/seanhawkridge/Dropbox/Dev/online_marketplace_test/spec/lavender_hearts_multiple_offer_spec.rb": [
        1,
        null,
        1,
        null,
        3,
        null,
        2,
        2,
        2,
        null,
        1,
        null,
        1,
        1,
        null,
        null,
        null,
        null,
        1,
        1,
        1,
        null,
        null,
        null,
        null
      ],
      "/Users/seanhawkridge/Dropbox/Dev/online_marketplace_test/spec/price_formatter_spec.rb": [
        1,
        null,
        1,
        null,
        2,
        null,
        1,
        null,
        1,
        1,
        null,
        null,
        null,
        null,
        null
      ],
      "/Users/seanhawkridge/Dropbox/Dev/online_marketplace_test/spec/promotional_rules_spec.rb": [
        1,
        null,
        1,
        null,
        3,
        3,
        2,
        3,
        1,
        null,
        2,
        null,
        1,
        2,
        2,
        2,
        null,
        null,
        1,
        null,
        1,
        1,
        null,
        null,
        1,
        1,
        2,
        null,
        null,
        null,
        null,
        null,
        null
      ],
      "/Users/seanhawkridge/Dropbox/Dev/online_marketplace_test/spec/subtotal_spec.rb": [
        1,
        null,
        1,
        null,
        4,
        null,
        1,
        1,
        1,
        null,
        null,
        null,
        1,
        1,
        1,
        1,
        null,
        null,
        null,
        1,
        1,
        1,
        1,
        null,
        null,
        null,
        null
      ],
      "/Users/seanhawkridge/Dropbox/Dev/online_marketplace_test/spec/ten_percent_over_60_offer_spec.rb": [
        1,
        null,
        1,
        null,
        3,
        null,
        1,
        null,
        1,
        1,
        null,
        null,
        null,
        null,
        1,
        null,
        1,
        1,
        null,
        null,
        null,
        null,
        null
      ]
    },
    "timestamp": 1462173584
  }
}
